# JRE version: Java(TM) SE Runtime Environment (8.0_31-b13) (build 1.8.0_31-b13)
# Java VM: Java HotSpot(TM) 64-Bit Server VM (25.31-b07 mixed mode windows-amd64 compressed oops)
Heap:
 PSYoungGen      total 304640K, used 197752K [0x00000000eab00000, 0x0000000100000000, 0x0000000100000000)
  eden space 270336K, 73% used [0x00000000eab00000,0x00000000f6c1e2e0,0x00000000fb300000)
  from space 34304K, 0% used [0x00000000fde80000,0x00000000fde80000,0x0000000100000000)
  to   space 39424K, 0% used [0x00000000fb300000,0x00000000fb300000,0x00000000fd980000)
 ParOldGen       total 112640K, used 87567K [0x00000000c0000000, 0x00000000c6e00000, 0x00000000eab00000)
  object space 112640K, 77% used [0x00000000c0000000,0x00000000c5583c68,0x00000000c6e00000)
 Metaspace       used 77664K, capacity 81578K, committed 81832K, reserved 1118208K
  class space    used 10675K, capacity 12195K, committed 12200K, reserved 1048576K
GC Heap History (10 events):
Event: 58.995 GC heap before
{Heap before GC invocations=22 (full 3):
 PSYoungGen      total 265216K, used 241664K [0x00000000eab00000, 0x00000000fcf80000, 0x0000000100000000)
  eden space 241664K, 100% used [0x00000000eab00000,0x00000000f9700000,0x00000000f9700000)
  from space 23552K, 0% used [0x00000000fb180000,0x00000000fb180000,0x00000000fc880000)
  to   space 27136K, 0% used [0x00000000f9700000,0x00000000f9700000,0x00000000fb180000)
 ParOldGen       total 112640K, used 44376K [0x00000000c0000000, 0x00000000c6e00000, 0x00000000eab00000)
  object space 112640K, 39% used [0x00000000c0000000,0x00000000c2b561a8,0x00000000c6e00000)
 Metaspace       used 51051K, capacity 53478K, committed 53800K, reserved 1095680K
  class space    used 7012K, capacity 7901K, committed 7976K, reserved 1048576K
Event: 59.104 GC heap after
Heap after GC invocations=22 (full 3):
 PSYoungGen      total 268800K, used 27129K [0x00000000eab00000, 0x0000000100000000, 0x0000000100000000)
  eden space 241664K, 0% used [0x00000000eab00000,0x00000000eab00000,0x00000000f9700000)
  from space 27136K, 99% used [0x00000000f9700000,0x00000000fb17e540,0x00000000fb180000)
  to   space 31744K, 0% used [0x00000000fe100000,0x00000000fe100000,0x0000000100000000)
 ParOldGen       total 112640K, used 45070K [0x00000000c0000000, 0x00000000c6e00000, 0x00000000eab00000)
  object space 112640K, 40% used [0x00000000c0000000,0x00000000c2c03aa0,0x00000000c6e00000)
 Metaspace       used 51051K, capacity 53478K, committed 53800K, reserved 1095680K
  class space    used 7012K, capacity 7901K, committed 7976K, reserved 1048576K
}
Event: 92.659 GC heap before
{Heap before GC invocations=23 (full 3):
 PSYoungGen      total 268800K, used 268793K [0x00000000eab00000, 0x0000000100000000, 0x0000000100000000)
  eden space 241664K, 100% used [0x00000000eab00000,0x00000000f9700000,0x00000000f9700000)
  from space 27136K, 99% used [0x00000000f9700000,0x00000000fb17e540,0x00000000fb180000)
  to   space 31744K, 0% used [0x00000000fe100000,0x00000000fe100000,0x0000000100000000)
 ParOldGen       total 112640K, used 45070K [0x00000000c0000000, 0x00000000c6e00000, 0x00000000eab00000)
  object space 112640K, 40% used [0x00000000c0000000,0x00000000c2c03aa0,0x00000000c6e00000)
 Metaspace       used 55139K, capacity 57836K, committed 58152K, reserved 1099776K
  class space    used 7602K, capacity 8632K, committed 8744K, reserved 1048576K
Event: 92.733 GC heap after
Heap after GC invocations=23 (full 3):
 PSYoungGen      total 312320K, used 6274K [0x00000000eab00000, 0x00000000ffc80000, 0x0000000100000000)
  eden space 284160K, 0% used [0x00000000eab00000,0x00000000eab00000,0x00000000fc080000)
  from space 28160K, 22% used [0x00000000fe100000,0x00000000fe720aa0,0x00000000ffc80000)
  to   space 30720K, 0% used [0x00000000fc080000,0x00000000fc080000,0x00000000fde80000)
 ParOldGen       total 112640K, used 61674K [0x00000000c0000000, 0x00000000c6e00000, 0x00000000eab00000)
  object space 112640K, 54% used [0x00000000c0000000,0x00000000c3c3a988,0x00000000c6e00000)
 Metaspace       used 55139K, capacity 57836K, committed 58152K, reserved 1099776K
  class space    used 7602K, capacity 8632K, committed 8744K, reserved 1048576K
}
Event: 321.038 GC heap before
{Heap before GC invocations=24 (full 3):
 PSYoungGen      total 312320K, used 290434K [0x00000000eab00000, 0x00000000ffc80000, 0x0000000100000000)
  eden space 284160K, 100% used [0x00000000eab00000,0x00000000fc080000,0x00000000fc080000)
  from space 28160K, 22% used [0x00000000fe100000,0x00000000fe720aa0,0x00000000ffc80000)
  to   space 30720K, 0% used [0x00000000fc080000,0x00000000fc080000,0x00000000fde80000)
 ParOldGen       total 112640K, used 61674K [0x00000000c0000000, 0x00000000c6e00000, 0x00000000eab00000)
  object space 112640K, 54% used [0x00000000c0000000,0x00000000c3c3a988,0x00000000c6e00000)
 Metaspace       used 68333K, capacity 71696K, committed 71848K, reserved 1110016K
  class space    used 9364K, capacity 10650K, committed 10664K, reserved 1048576K
Event: 321.114 GC heap after
Heap after GC invocations=24 (full 3):
 PSYoungGen      total 314880K, used 30689K [0x00000000eab00000, 0x0000000100000000, 0x0000000100000000)
  eden space 284160K, 0% used [0x00000000eab00000,0x00000000eab00000,0x00000000fc080000)
  from space 30720K, 99% used [0x00000000fc080000,0x00000000fde784d8,0x00000000fde80000)
  to   space 34304K, 0% used [0x00000000fde80000,0x00000000fde80000,0x0000000100000000)
 ParOldGen       total 112640K, used 73298K [0x00000000c0000000, 0x00000000c6e00000, 0x00000000eab00000)
  object space 112640K, 65% used [0x00000000c0000000,0x00000000c47948b8,0x00000000c6e00000)
 Metaspace       used 68333K, capacity 71696K, committed 71848K, reserved 1110016K
  class space    used 9364K, capacity 10650K, committed 10664K, reserved 1048576K
}
Event: 360.811 GC heap before
{Heap before GC invocations=25 (full 3):
 PSYoungGen      total 314880K, used 90306K [0x00000000eab00000, 0x0000000100000000, 0x0000000100000000)
  eden space 284160K, 20% used [0x00000000eab00000,0x00000000ee5386e0,0x00000000fc080000)
  from space 30720K, 99% used [0x00000000fc080000,0x00000000fde784d8,0x00000000fde80000)
  to   space 34304K, 0% used [0x00000000fde80000,0x00000000fde80000,0x0000000100000000)
 ParOldGen       total 112640K, used 73298K [0x00000000c0000000, 0x00000000c6e00000, 0x00000000eab00000)
  object space 112640K, 65% used [0x00000000c0000000,0x00000000c47948b8,0x00000000c6e00000)
 Metaspace       used 70578K, capacity 74030K, committed 74280K, reserved 1112064K
  class space    used 9661K, capacity 10985K, committed 11048K, reserved 1048576K
Event: 360.852 GC heap after
Heap after GC invocations=25 (full 3):
 PSYoungGen      total 304640K, used 4047K [0x00000000eab00000, 0x0000000100000000, 0x0000000100000000)
  eden space 270336K, 0% used [0x00000000eab00000,0x00000000eab00000,0x00000000fb300000)
  from space 34304K, 11% used [0x00000000fde80000,0x00000000fe273ed0,0x0000000100000000)
  to   space 39424K, 0% used [0x00000000fb300000,0x00000000fb300000,0x00000000fd980000)
 ParOldGen       total 112640K, used 98081K [0x00000000c0000000, 0x00000000c6e00000, 0x00000000eab00000)
  object space 112640K, 87% used [0x00000000c0000000,0x00000000c5fc8408,0x00000000c6e00000)
 Metaspace       used 70578K, capacity 74030K, committed 74280K, reserved 1112064K
  class space    used 9661K, capacity 10985K, committed 11048K, reserved 1048576K
}
Event: 360.852 GC heap before
{Heap before GC invocations=26 (full 4):
 PSYoungGen      total 304640K, used 4047K [0x00000000eab00000, 0x0000000100000000, 0x0000000100000000)
  eden space 270336K, 0% used [0x00000000eab00000,0x00000000eab00000,0x00000000fb300000)
  from space 34304K, 11% used [0x00000000fde80000,0x00000000fe273ed0,0x0000000100000000)
  to   space 39424K, 0% used [0x00000000fb300000,0x00000000fb300000,0x00000000fd980000)
 ParOldGen       total 112640K, used 98081K [0x00000000c0000000, 0x00000000c6e00000, 0x00000000eab00000)
  object space 112640K, 87% used [0x00000000c0000000,0x00000000c5fc8408,0x00000000c6e00000)
 Metaspace       used 70578K, capacity 74030K, committed 74280K, reserved 1112064K
  class space    used 9661K, capacity 10985K, committed 11048K, reserved 1048576K
Event: 361.734 GC heap after
Heap after GC invocations=26 (full 4):
 PSYoungGen      total 304640K, used 0K [0x00000000eab00000, 0x0000000100000000, 0x0000000100000000)
  eden space 270336K, 0% used [0x00000000eab00000,0x00000000eab00000,0x00000000fb300000)
  from space 34304K, 0% used [0x00000000fde80000,0x00000000fde80000,0x0000000100000000)
  to   space 39424K, 0% used [0x00000000fb300000,0x00000000fb300000,0x00000000fd980000)
 ParOldGen       total 112640K, used 87567K [0x00000000c0000000, 0x00000000c6e00000, 0x00000000eab00000)
  object space 112640K, 77% used [0x00000000c0000000,0x00000000c5583c68,0x00000000c6e00000)
 Metaspace       used 70578K, capacity 74030K, committed 74280K, reserved 1112064K
  class space    used 9661K, capacity 10985K, committed 11048K, reserved 1048576K
}

