# JRE version: Java(TM) SE Runtime Environment (8.0_31-b13) (build 1.8.0_31-b13)
# Java VM: Java HotSpot(TM) 64-Bit Server VM (25.31-b07 mixed mode windows-amd64 compressed oops)
Heap:
 PSYoungGen      total 76800K, used 21363K [0x00000000eab00000, 0x00000000f0800000, 0x0000000100000000)
  eden space 65536K, 15% used [0x00000000eab00000,0x00000000eb4dead0,0x00000000eeb00000)
  from space 11264K, 99% used [0x00000000ef780000,0x00000000f027e340,0x00000000f0280000)
  to   space 12800K, 0% used [0x00000000eeb00000,0x00000000eeb00000,0x00000000ef780000)
 ParOldGen       total 66048K, used 9330K [0x00000000c0000000, 0x00000000c4080000, 0x00000000eab00000)
  object space 66048K, 14% used [0x00000000c0000000,0x00000000c091ca68,0x00000000c4080000)
 Metaspace       used 32605K, capacity 33424K, committed 33536K, reserved 1077248K
  class space    used 4455K, capacity 4788K, committed 4864K, reserved 1048576K
GC Heap History (10 events):
Event: 5.814 GC heap before
{Heap before GC invocations=5 (full 1):
 PSYoungGen      total 37888K, used 5088K [0x00000000eab00000, 0x00000000ed500000, 0x0000000100000000)
  eden space 32768K, 0% used [0x00000000eab00000,0x00000000eab00000,0x00000000ecb00000)
  from space 5120K, 99% used [0x00000000ed000000,0x00000000ed4f8020,0x00000000ed500000)
  to   space 5120K, 0% used [0x00000000ecb00000,0x00000000ecb00000,0x00000000ed000000)
 ParOldGen       total 86016K, used 8565K [0x00000000c0000000, 0x00000000c5400000, 0x00000000eab00000)
  object space 86016K, 9% used [0x00000000c0000000,0x00000000c085d7f0,0x00000000c5400000)
 Metaspace       used 20816K, capacity 21232K, committed 21296K, reserved 1067008K
  class space    used 2796K, capacity 2941K, committed 2944K, reserved 1048576K
Event: 5.880 GC heap after
Heap after GC invocations=5 (full 1):
 PSYoungGen      total 37888K, used 0K [0x00000000eab00000, 0x00000000ed500000, 0x0000000100000000)
  eden space 32768K, 0% used [0x00000000eab00000,0x00000000eab00000,0x00000000ecb00000)
  from space 5120K, 0% used [0x00000000ed000000,0x00000000ed000000,0x00000000ed500000)
  to   space 5120K, 0% used [0x00000000ecb00000,0x00000000ecb00000,0x00000000ed000000)
 ParOldGen       total 66048K, used 8997K [0x00000000c0000000, 0x00000000c4080000, 0x00000000eab00000)
  object space 66048K, 13% used [0x00000000c0000000,0x00000000c08c95d8,0x00000000c4080000)
 Metaspace       used 20815K, capacity 21230K, committed 21296K, reserved 1067008K
  class space    used 2795K, capacity 2940K, committed 2944K, reserved 1048576K
}
Event: 7.061 GC heap before
{Heap before GC invocations=6 (full 1):
 PSYoungGen      total 37888K, used 32768K [0x00000000eab00000, 0x00000000ed500000, 0x0000000100000000)
  eden space 32768K, 100% used [0x00000000eab00000,0x00000000ecb00000,0x00000000ecb00000)
  from space 5120K, 0% used [0x00000000ed000000,0x00000000ed000000,0x00000000ed500000)
  to   space 5120K, 0% used [0x00000000ecb00000,0x00000000ecb00000,0x00000000ed000000)
 ParOldGen       total 66048K, used 8997K [0x00000000c0000000, 0x00000000c4080000, 0x00000000eab00000)
  object space 66048K, 13% used [0x00000000c0000000,0x00000000c08c95d8,0x00000000c4080000)
 Metaspace       used 22356K, capacity 22912K, committed 23040K, reserved 1069056K
  class space    used 3029K, capacity 3214K, committed 3328K, reserved 1048576K
Event: 7.070 GC heap after
Heap after GC invocations=6 (full 1):
 PSYoungGen      total 37888K, used 3942K [0x00000000eab00000, 0x00000000eed80000, 0x0000000100000000)
  eden space 32768K, 0% used [0x00000000eab00000,0x00000000eab00000,0x00000000ecb00000)
  from space 5120K, 76% used [0x00000000ecb00000,0x00000000eced98c0,0x00000000ed000000)
  to   space 10752K, 0% used [0x00000000ee300000,0x00000000ee300000,0x00000000eed80000)
 ParOldGen       total 66048K, used 9005K [0x00000000c0000000, 0x00000000c4080000, 0x00000000eab00000)
  object space 66048K, 13% used [0x00000000c0000000,0x00000000c08cb5d8,0x00000000c4080000)
 Metaspace       used 22356K, capacity 22912K, committed 23040K, reserved 1069056K
  class space    used 3029K, capacity 3214K, committed 3328K, reserved 1048576K
}
Event: 8.124 GC heap before
{Heap before GC invocations=7 (full 1):
 PSYoungGen      total 37888K, used 36710K [0x00000000eab00000, 0x00000000eed80000, 0x0000000100000000)
  eden space 32768K, 100% used [0x00000000eab00000,0x00000000ecb00000,0x00000000ecb00000)
  from space 5120K, 76% used [0x00000000ecb00000,0x00000000eced98c0,0x00000000ed000000)
  to   space 10752K, 0% used [0x00000000ee300000,0x00000000ee300000,0x00000000eed80000)
 ParOldGen       total 66048K, used 9005K [0x00000000c0000000, 0x00000000c4080000, 0x00000000eab00000)
  object space 66048K, 13% used [0x00000000c0000000,0x00000000c08cb5d8,0x00000000c4080000)
 Metaspace       used 25281K, capacity 25848K, committed 26112K, reserved 1071104K
  class space    used 3382K, capacity 3570K, committed 3584K, reserved 1048576K
Event: 8.135 GC heap after
Heap after GC invocations=7 (full 1):
 PSYoungGen      total 57344K, used 4925K [0x00000000eab00000, 0x00000000eee00000, 0x0000000100000000)
  eden space 46592K, 0% used [0x00000000eab00000,0x00000000eab00000,0x00000000ed880000)
  from space 10752K, 45% used [0x00000000ee300000,0x00000000ee7cf6d8,0x00000000eed80000)
  to   space 10752K, 0% used [0x00000000ed880000,0x00000000ed880000,0x00000000ee300000)
 ParOldGen       total 66048K, used 9013K [0x00000000c0000000, 0x00000000c4080000, 0x00000000eab00000)
  object space 66048K, 13% used [0x00000000c0000000,0x00000000c08cd5d8,0x00000000c4080000)
 Metaspace       used 25281K, capacity 25848K, committed 26112K, reserved 1071104K
  class space    used 3382K, capacity 3570K, committed 3584K, reserved 1048576K
}
Event: 10.887 GC heap before
{Heap before GC invocations=8 (full 1):
 PSYoungGen      total 57344K, used 51517K [0x00000000eab00000, 0x00000000eee00000, 0x0000000100000000)
  eden space 46592K, 100% used [0x00000000eab00000,0x00000000ed880000,0x00000000ed880000)
  from space 10752K, 45% used [0x00000000ee300000,0x00000000ee7cf6d8,0x00000000eed80000)
  to   space 10752K, 0% used [0x00000000ed880000,0x00000000ed880000,0x00000000ee300000)
 ParOldGen       total 66048K, used 9013K [0x00000000c0000000, 0x00000000c4080000, 0x00000000eab00000)
  object space 66048K, 13% used [0x00000000c0000000,0x00000000c08cd5d8,0x00000000c4080000)
 Metaspace       used 28570K, capacity 29386K, committed 29568K, reserved 1075200K
  class space    used 3790K, capacity 4107K, committed 4224K, reserved 1048576K
Event: 10.910 GC heap after
Heap after GC invocations=8 (full 1):
 PSYoungGen      total 57344K, used 8208K [0x00000000eab00000, 0x00000000f0280000, 0x0000000100000000)
  eden space 46592K, 0% used [0x00000000eab00000,0x00000000eab00000,0x00000000ed880000)
  from space 10752K, 76% used [0x00000000ed880000,0x00000000ee0841a0,0x00000000ee300000)
  to   space 11264K, 0% used [0x00000000ef780000,0x00000000ef780000,0x00000000f0280000)
 ParOldGen       total 66048K, used 9021K [0x00000000c0000000, 0x00000000c4080000, 0x00000000eab00000)
  object space 66048K, 13% used [0x00000000c0000000,0x00000000c08cf5d8,0x00000000c4080000)
 Metaspace       used 28570K, capacity 29386K, committed 29568K, reserved 1075200K
  class space    used 3790K, capacity 4107K, committed 4224K, reserved 1048576K
}
Event: 13.133 GC heap before
{Heap before GC invocations=9 (full 1):
 PSYoungGen      total 57344K, used 54790K [0x00000000eab00000, 0x00000000f0280000, 0x0000000100000000)
  eden space 46592K, 99% used [0x00000000eab00000,0x00000000ed87d9a8,0x00000000ed880000)
  from space 10752K, 76% used [0x00000000ed880000,0x00000000ee0841a0,0x00000000ee300000)
  to   space 11264K, 0% used [0x00000000ef780000,0x00000000ef780000,0x00000000f0280000)
 ParOldGen       total 66048K, used 9021K [0x00000000c0000000, 0x00000000c4080000, 0x00000000eab00000)
  object space 66048K, 13% used [0x00000000c0000000,0x00000000c08cf5d8,0x00000000c4080000)
 Metaspace       used 30924K, capacity 31760K, committed 32000K, reserved 1077248K
  class space    used 4180K, capacity 4532K, committed 4608K, reserved 1048576K
Event: 13.173 GC heap after
Heap after GC invocations=9 (full 1):
 PSYoungGen      total 76800K, used 11256K [0x00000000eab00000, 0x00000000f0800000, 0x0000000100000000)
  eden space 65536K, 0% used [0x00000000eab00000,0x00000000eab00000,0x00000000eeb00000)
  from space 11264K, 99% used [0x00000000ef780000,0x00000000f027e340,0x00000000f0280000)
  to   space 12800K, 0% used [0x00000000eeb00000,0x00000000eeb00000,0x00000000ef780000)
 ParOldGen       total 66048K, used 9330K [0x00000000c0000000, 0x00000000c4080000, 0x00000000eab00000)
  object space 66048K, 14% used [0x00000000c0000000,0x00000000c091ca68,0x00000000c4080000)
 Metaspace       used 30924K, capacity 31760K, committed 32000K, reserved 1077248K
  class space    used 4180K, capacity 4532K, committed 4608K, reserved 1048576K
}

